2019-08-10 20:04:55.4400||INFO|Microsoft.AspNetCore.Hosting.Internal.WebHost|Request starting HTTP/1.1 GET http://localhost:44336/api/values   
2019-08-10 20:04:55.7834||DEBUG|Ocelot.Errors.Middleware.ExceptionHandlerMiddleware|requestId: 0HLOTIDBF585C:00000001, previousRequestId: no previous request id, message: ocelot pipeline started 
2019-08-10 20:04:55.8119||DEBUG|Ocelot.DownstreamRouteFinder.Middleware.DownstreamRouteFinderMiddleware|requestId: 0HLOTIDBF585C:00000001, previousRequestId: no previous request id, message: Upstream url path is /api/values 
2019-08-10 20:04:55.8373||WARN|Ocelot.DownstreamRouteFinder.Middleware.DownstreamRouteFinderMiddleware|requestId: 0HLOTIDBF585C:00000001, previousRequestId: no previous request id, message: DownstreamRouteFinderMiddleware setting pipeline errors. IDownstreamRouteFinder returned Error Code: UnableToFindDownstreamRouteError Message: Failed to match ReRoute configuration for upstream path: /api/values, verb: GET. 
2019-08-10 20:04:55.8373||WARN|Ocelot.DownstreamRouteFinder.Middleware.DownstreamRouteFinderMiddleware|requestId: 0HLOTIDBF585C:00000001, previousRequestId: no previous request id, message: Failed to match ReRoute configuration for upstream path: /api/values, verb: GET. 
2019-08-10 20:04:55.8457||WARN|Ocelot.Responder.Middleware.ResponderMiddleware|requestId: 0HLOTIDBF585C:00000001, previousRequestId: no previous request id, message: Error Code: UnableToFindDownstreamRouteError Message: Failed to match ReRoute configuration for upstream path: /api/values, verb: GET. errors found in ResponderMiddleware. Setting error response for request path:/api/values, request method: GET 
2019-08-10 20:04:55.8457||DEBUG|Ocelot.Errors.Middleware.ExceptionHandlerMiddleware|requestId: 0HLOTIDBF585C:00000001, previousRequestId: no previous request id, message: ocelot pipeline finished 
2019-08-10 20:04:55.8798||INFO|Microsoft.AspNetCore.Hosting.Internal.WebHost|Request finished in 456.325ms 404  
2019-08-10 20:04:56.3641||INFO|Microsoft.AspNetCore.Hosting.Internal.WebHost|Request starting HTTP/1.1 GET http://localhost:44336/api/auth   
2019-08-10 20:04:56.3641||DEBUG|Ocelot.Errors.Middleware.ExceptionHandlerMiddleware|requestId: 0HLOTIDBF585C:00000002, previousRequestId: no previous request id, message: ocelot pipeline started 
2019-08-10 20:04:56.3641||DEBUG|Ocelot.DownstreamRouteFinder.Middleware.DownstreamRouteFinderMiddleware|requestId: 0HLOTIDBF585C:00000002, previousRequestId: no previous request id, message: Upstream url path is /api/auth 
2019-08-10 20:04:56.3942||DEBUG|Ocelot.DownstreamRouteFinder.Middleware.DownstreamRouteFinderMiddleware|requestId: 0HLOTIDBF585C:00000002, previousRequestId: no previous request id, message: downstream templates are /api/auth 
2019-08-10 20:04:56.5403||INFO|Ocelot.RateLimit.Middleware.ClientRateLimitMiddleware|requestId: 0HLOTIDBF585C:00000002, previousRequestId: no previous request id, message: EndpointRateLimiting is not enabled for /api/auth 
2019-08-10 20:04:56.5647||INFO|Ocelot.Authentication.Middleware.AuthenticationMiddleware|requestId: 0HLOTIDBF585C:00000002, previousRequestId: no previous request id, message: No authentication needed for /api/auth 
2019-08-10 20:04:56.5823||INFO|Ocelot.Authorisation.Middleware.AuthorisationMiddleware|requestId: 0HLOTIDBF585C:00000002, previousRequestId: no previous request id, message: /api/auth route does not require user to be authorised 
2019-08-10 20:04:56.6552||DEBUG|Ocelot.DownstreamUrlCreator.Middleware.DownstreamUrlCreatorMiddleware|requestId: 0HLOTIDBF585C:00000002, previousRequestId: no previous request id, message: Downstream url is http://localhost:3004/api/auth 
2019-08-10 20:04:57.0917||DEBUG|Ocelot.Requester.Middleware.HttpRequesterMiddleware|requestId: 0HLOTIDBF585C:00000002, previousRequestId: no previous request id, message: setting http response message 
2019-08-10 20:04:57.1428||DEBUG|Ocelot.Responder.Middleware.ResponderMiddleware|requestId: 0HLOTIDBF585C:00000002, previousRequestId: no previous request id, message: no pipeline errors, setting and returning completed response 
2019-08-10 20:04:57.1630||DEBUG|Ocelot.Errors.Middleware.ExceptionHandlerMiddleware|requestId: 0HLOTIDBF585C:00000002, previousRequestId: no previous request id, message: ocelot pipeline finished 
2019-08-10 20:04:57.1805||INFO|Microsoft.AspNetCore.Hosting.Internal.WebHost|Request finished in 816.651ms 200 application/json; charset=utf-8 
2019-08-10 20:04:58.0677||INFO|Microsoft.AspNetCore.Hosting.Internal.WebHost|Request starting HTTP/1.1 GET http://localhost:44336/api/auth   
2019-08-10 20:04:58.0677||DEBUG|Ocelot.Errors.Middleware.ExceptionHandlerMiddleware|requestId: 0HLOTIDBF585C:00000003, previousRequestId: no previous request id, message: ocelot pipeline started 
2019-08-10 20:04:58.0677||DEBUG|Ocelot.DownstreamRouteFinder.Middleware.DownstreamRouteFinderMiddleware|requestId: 0HLOTIDBF585C:00000003, previousRequestId: no previous request id, message: Upstream url path is /api/auth 
2019-08-10 20:04:58.0677||DEBUG|Ocelot.DownstreamRouteFinder.Middleware.DownstreamRouteFinderMiddleware|requestId: 0HLOTIDBF585C:00000003, previousRequestId: no previous request id, message: downstream templates are /api/auth 
2019-08-10 20:04:58.0798||INFO|Ocelot.RateLimit.Middleware.ClientRateLimitMiddleware|requestId: 0HLOTIDBF585C:00000003, previousRequestId: no previous request id, message: EndpointRateLimiting is not enabled for /api/auth 
2019-08-10 20:04:58.0798||INFO|Ocelot.Authentication.Middleware.AuthenticationMiddleware|requestId: 0HLOTIDBF585C:00000003, previousRequestId: no previous request id, message: No authentication needed for /api/auth 
2019-08-10 20:04:58.0798||INFO|Ocelot.Authorisation.Middleware.AuthorisationMiddleware|requestId: 0HLOTIDBF585C:00000003, previousRequestId: no previous request id, message: /api/auth route does not require user to be authorised 
2019-08-10 20:04:58.0798||DEBUG|Ocelot.DownstreamUrlCreator.Middleware.DownstreamUrlCreatorMiddleware|requestId: 0HLOTIDBF585C:00000003, previousRequestId: no previous request id, message: Downstream url is http://localhost:3004/api/auth 
2019-08-10 20:04:58.1243||DEBUG|Ocelot.Requester.Middleware.HttpRequesterMiddleware|requestId: 0HLOTIDBF585C:00000003, previousRequestId: no previous request id, message: setting http response message 
2019-08-10 20:04:58.1243||DEBUG|Ocelot.Responder.Middleware.ResponderMiddleware|requestId: 0HLOTIDBF585C:00000003, previousRequestId: no previous request id, message: no pipeline errors, setting and returning completed response 
2019-08-10 20:04:58.1243||DEBUG|Ocelot.Errors.Middleware.ExceptionHandlerMiddleware|requestId: 0HLOTIDBF585C:00000003, previousRequestId: no previous request id, message: ocelot pipeline finished 
2019-08-10 20:04:58.1243||INFO|Microsoft.AspNetCore.Hosting.Internal.WebHost|Request finished in 65.2668ms 200 application/json; charset=utf-8 
2019-08-10 20:05:37.3902||INFO|Microsoft.AspNetCore.Hosting.Internal.WebHost|Request starting HTTP/1.1 GET http://localhost:44336/api/user   
2019-08-10 20:05:37.5001||INFO|Microsoft.AspNetCore.Authentication.JwtBearer.JwtBearerHandler|Successfully validated the token. 
2019-08-10 20:05:37.5001||DEBUG|Ocelot.Errors.Middleware.ExceptionHandlerMiddleware|requestId: 0HLOTIDBF585C:00000004, previousRequestId: no previous request id, message: ocelot pipeline started 
2019-08-10 20:05:37.5001||DEBUG|Ocelot.DownstreamRouteFinder.Middleware.DownstreamRouteFinderMiddleware|requestId: 0HLOTIDBF585C:00000004, previousRequestId: no previous request id, message: Upstream url path is /api/user 
2019-08-10 20:05:37.5001||DEBUG|Ocelot.DownstreamRouteFinder.Middleware.DownstreamRouteFinderMiddleware|requestId: 0HLOTIDBF585C:00000004, previousRequestId: no previous request id, message: downstream templates are /api/user 
2019-08-10 20:05:37.5495||INFO|Ocelot.Authentication.Middleware.AuthenticationMiddleware|requestId: 0HLOTIDBF585C:00000004, previousRequestId: no previous request id, message: /api/user is an authenticated route. AuthenticationMiddleware checking if client is authenticated 
2019-08-10 20:05:37.5495||INFO|Ocelot.Authentication.Middleware.AuthenticationMiddleware|requestId: 0HLOTIDBF585C:00000004, previousRequestId: no previous request id, message: Client has been authenticated for /api/user 
2019-08-10 20:05:37.5495||INFO|Ocelot.Authorisation.Middleware.AuthorisationMiddleware|requestId: 0HLOTIDBF585C:00000004, previousRequestId: no previous request id, message: route is authenticated scopes must be checked 
2019-08-10 20:05:37.5495||INFO|Ocelot.Authorisation.Middleware.AuthorisationMiddleware|requestId: 0HLOTIDBF585C:00000004, previousRequestId: no previous request id, message: user scopes is authorised calling next authorisation checks 
2019-08-10 20:05:37.5495||INFO|Ocelot.Authorisation.Middleware.AuthorisationMiddleware|requestId: 0HLOTIDBF585C:00000004, previousRequestId: no previous request id, message: /api/user route does not require user to be authorised 
2019-08-10 20:05:37.5631||DEBUG|Ocelot.DownstreamUrlCreator.Middleware.DownstreamUrlCreatorMiddleware|requestId: 0HLOTIDBF585C:00000004, previousRequestId: no previous request id, message: Downstream url is http://localhost:3001/api/user 
2019-08-10 20:05:37.7633||DEBUG|Ocelot.Requester.Middleware.HttpRequesterMiddleware|requestId: 0HLOTIDBF585C:00000004, previousRequestId: no previous request id, message: setting http response message 
2019-08-10 20:05:37.7651||DEBUG|Ocelot.Responder.Middleware.ResponderMiddleware|requestId: 0HLOTIDBF585C:00000004, previousRequestId: no previous request id, message: no pipeline errors, setting and returning completed response 
2019-08-10 20:05:37.7651||DEBUG|Ocelot.Errors.Middleware.ExceptionHandlerMiddleware|requestId: 0HLOTIDBF585C:00000004, previousRequestId: no previous request id, message: ocelot pipeline finished 
2019-08-10 20:05:37.7651||INFO|Microsoft.AspNetCore.Hosting.Internal.WebHost|Request finished in 382.2261ms 200 application/json; charset=utf-8 
2019-08-10 20:07:52.3214||INFO|Microsoft.AspNetCore.Hosting.Internal.WebHost|Request starting HTTP/1.1 GET http://localhost:44336/api/user   
2019-08-10 20:07:52.3702||INFO|Microsoft.AspNetCore.Authentication.JwtBearer.JwtBearerHandler|Failed to validate the token. IDX10223: Lifetime validation failed. The token is expired. ValidTo: '08/10/2019 13:06:58', Current time: '08/10/2019 13:07:52'.
2019-08-10 20:07:52.3801||INFO|Microsoft.AspNetCore.Authentication.JwtBearer.JwtBearerHandler|TestKey was not authenticated. Failure message: IDX10223: Lifetime validation failed. The token is expired. ValidTo: '08/10/2019 13:06:58', Current time: '08/10/2019 13:07:52'. 
2019-08-10 20:07:52.3801||DEBUG|Ocelot.Errors.Middleware.ExceptionHandlerMiddleware|requestId: 0HLOTIDBF585D:00000001, previousRequestId: no previous request id, message: ocelot pipeline started 
2019-08-10 20:07:52.3801||DEBUG|Ocelot.DownstreamRouteFinder.Middleware.DownstreamRouteFinderMiddleware|requestId: 0HLOTIDBF585D:00000001, previousRequestId: no previous request id, message: Upstream url path is /api/user 
2019-08-10 20:07:52.3801||DEBUG|Ocelot.DownstreamRouteFinder.Middleware.DownstreamRouteFinderMiddleware|requestId: 0HLOTIDBF585D:00000001, previousRequestId: no previous request id, message: downstream templates are /api/user 
2019-08-10 20:07:52.3801||INFO|Ocelot.Authentication.Middleware.AuthenticationMiddleware|requestId: 0HLOTIDBF585D:00000001, previousRequestId: no previous request id, message: /api/user is an authenticated route. AuthenticationMiddleware checking if client is authenticated 
2019-08-10 20:07:52.3900||INFO|Microsoft.AspNetCore.Authentication.JwtBearer.JwtBearerHandler|TestKey was not authenticated. Failure message: IDX10223: Lifetime validation failed. The token is expired. ValidTo: '08/10/2019 13:06:58', Current time: '08/10/2019 13:07:52'. 
2019-08-10 20:07:52.3900||WARN|Ocelot.Authentication.Middleware.AuthenticationMiddleware|requestId: 0HLOTIDBF585D:00000001, previousRequestId: no previous request id, message: Client has NOT been authenticated for /api/user and pipeline error set. Request for authenticated route /api/user by  was unauthenticated 
2019-08-10 20:07:52.3900||WARN|Ocelot.Authentication.Middleware.AuthenticationMiddleware|requestId: 0HLOTIDBF585D:00000001, previousRequestId: no previous request id, message: Request for authenticated route /api/user by  was unauthenticated 
2019-08-10 20:07:52.3900||WARN|Ocelot.Responder.Middleware.ResponderMiddleware|requestId: 0HLOTIDBF585D:00000001, previousRequestId: no previous request id, message: Error Code: UnauthenticatedError Message: Request for authenticated route /api/user by  was unauthenticated errors found in ResponderMiddleware. Setting error response for request path:/api/user, request method: GET 
2019-08-10 20:07:52.3900||DEBUG|Ocelot.Errors.Middleware.ExceptionHandlerMiddleware|requestId: 0HLOTIDBF585D:00000001, previousRequestId: no previous request id, message: ocelot pipeline finished 
2019-08-10 20:07:52.3900||INFO|Microsoft.AspNetCore.Hosting.Internal.WebHost|Request finished in 80.1063ms 401  
2019-08-10 20:08:00.4188||INFO|Microsoft.AspNetCore.Hosting.Internal.WebHost|Request starting HTTP/1.1 GET http://localhost:44336/api/user   
2019-08-10 20:08:00.4311||INFO|Microsoft.AspNetCore.Authentication.JwtBearer.JwtBearerHandler|Failed to validate the token. IDX10223: Lifetime validation failed. The token is expired. ValidTo: '08/10/2019 13:06:58', Current time: '08/10/2019 13:08:00'.
2019-08-10 20:08:00.4311||INFO|Microsoft.AspNetCore.Authentication.JwtBearer.JwtBearerHandler|TestKey was not authenticated. Failure message: IDX10223: Lifetime validation failed. The token is expired. ValidTo: '08/10/2019 13:06:58', Current time: '08/10/2019 13:08:00'. 
2019-08-10 20:08:00.4369||DEBUG|Ocelot.Errors.Middleware.ExceptionHandlerMiddleware|requestId: 0HLOTIDBF585D:00000002, previousRequestId: no previous request id, message: ocelot pipeline started 
2019-08-10 20:08:00.4369||DEBUG|Ocelot.DownstreamRouteFinder.Middleware.DownstreamRouteFinderMiddleware|requestId: 0HLOTIDBF585D:00000002, previousRequestId: no previous request id, message: Upstream url path is /api/user 
2019-08-10 20:08:00.4369||DEBUG|Ocelot.DownstreamRouteFinder.Middleware.DownstreamRouteFinderMiddleware|requestId: 0HLOTIDBF585D:00000002, previousRequestId: no previous request id, message: downstream templates are /api/user 
2019-08-10 20:08:00.4545||INFO|Ocelot.RateLimit.Middleware.ClientRateLimitMiddleware|requestId: 0HLOTIDBF585D:00000002, previousRequestId: no previous request id, message: Request get:/api/user from ClientId client has been blocked, quota 1/100s exceeded by 2. Blocked by rule /api/user, TraceIdentifier 0HLOTIDBF585D:00000002. 
2019-08-10 20:08:00.4545||WARN|Ocelot.Responder.Middleware.ResponderMiddleware|requestId: 0HLOTIDBF585D:00000002, previousRequestId: no previous request id, message: Error Code: QuotaExceededError Message: API calls quota exceeded! maximum admitted 1 per 100s. errors found in ResponderMiddleware. Setting error response for request path:/api/user, request method: GET 
2019-08-10 20:08:00.4710||DEBUG|Ocelot.Errors.Middleware.ExceptionHandlerMiddleware|requestId: 0HLOTIDBF585D:00000002, previousRequestId: no previous request id, message: ocelot pipeline finished 
2019-08-10 20:08:00.4710||INFO|Microsoft.AspNetCore.Hosting.Internal.WebHost|Request finished in 58.5364ms 429  
2019-08-10 20:08:34.8247||INFO|Microsoft.AspNetCore.Hosting.Internal.WebHost|Request starting HTTP/1.1 GET http://localhost:44336/api/user   
2019-08-10 20:08:34.8310||INFO|Microsoft.AspNetCore.Authentication.JwtBearer.JwtBearerHandler|Failed to validate the token. IDX10223: Lifetime validation failed. The token is expired. ValidTo: '08/10/2019 13:06:58', Current time: '08/10/2019 13:08:34'.
2019-08-10 20:08:34.8310||INFO|Microsoft.AspNetCore.Authentication.JwtBearer.JwtBearerHandler|TestKey was not authenticated. Failure message: IDX10223: Lifetime validation failed. The token is expired. ValidTo: '08/10/2019 13:06:58', Current time: '08/10/2019 13:08:34'. 
2019-08-10 20:08:34.8310||DEBUG|Ocelot.Errors.Middleware.ExceptionHandlerMiddleware|requestId: 0HLOTIDBF585D:00000003, previousRequestId: no previous request id, message: ocelot pipeline started 
2019-08-10 20:08:34.8471||DEBUG|Ocelot.DownstreamRouteFinder.Middleware.DownstreamRouteFinderMiddleware|requestId: 0HLOTIDBF585D:00000003, previousRequestId: no previous request id, message: Upstream url path is /api/user 
2019-08-10 20:08:34.8600||DEBUG|Ocelot.DownstreamRouteFinder.Middleware.DownstreamRouteFinderMiddleware|requestId: 0HLOTIDBF585D:00000003, previousRequestId: no previous request id, message: downstream templates are /api/user 
2019-08-10 20:08:34.8600||INFO|Ocelot.RateLimit.Middleware.ClientRateLimitMiddleware|requestId: 0HLOTIDBF585D:00000003, previousRequestId: no previous request id, message: Request get:/api/user from ClientId client has been blocked, quota 1/100s exceeded by 3. Blocked by rule /api/user, TraceIdentifier 0HLOTIDBF585D:00000003. 
2019-08-10 20:08:34.8600||WARN|Ocelot.Responder.Middleware.ResponderMiddleware|requestId: 0HLOTIDBF585D:00000003, previousRequestId: no previous request id, message: Error Code: QuotaExceededError Message: API calls quota exceeded! maximum admitted 1 per 100s. errors found in ResponderMiddleware. Setting error response for request path:/api/user, request method: GET 
2019-08-10 20:08:34.8600||DEBUG|Ocelot.Errors.Middleware.ExceptionHandlerMiddleware|requestId: 0HLOTIDBF585D:00000003, previousRequestId: no previous request id, message: ocelot pipeline finished 
2019-08-10 20:08:34.8600||INFO|Microsoft.AspNetCore.Hosting.Internal.WebHost|Request finished in 41.4458ms 429  
2019-08-10 20:09:40.3885||INFO|Microsoft.AspNetCore.Hosting.Internal.WebHost|Request starting HTTP/1.1 GET http://localhost:44336/api/auth   
2019-08-10 20:09:40.3980||INFO|Microsoft.AspNetCore.Authentication.JwtBearer.JwtBearerHandler|Failed to validate the token. IDX10223: Lifetime validation failed. The token is expired. ValidTo: '08/09/2019 15:55:49', Current time: '08/10/2019 13:09:40'.
2019-08-10 20:09:40.4078||INFO|Microsoft.AspNetCore.Authentication.JwtBearer.JwtBearerHandler|TestKey was not authenticated. Failure message: IDX10223: Lifetime validation failed. The token is expired. ValidTo: '08/09/2019 15:55:49', Current time: '08/10/2019 13:09:40'. 
2019-08-10 20:09:40.4338||DEBUG|Ocelot.Errors.Middleware.ExceptionHandlerMiddleware|requestId: 0HLOTIDBF585E:00000001, previousRequestId: no previous request id, message: ocelot pipeline started 
2019-08-10 20:09:40.4365||DEBUG|Ocelot.DownstreamRouteFinder.Middleware.DownstreamRouteFinderMiddleware|requestId: 0HLOTIDBF585E:00000001, previousRequestId: no previous request id, message: Upstream url path is /api/auth 
2019-08-10 20:09:40.4365||DEBUG|Ocelot.DownstreamRouteFinder.Middleware.DownstreamRouteFinderMiddleware|requestId: 0HLOTIDBF585E:00000001, previousRequestId: no previous request id, message: downstream templates are /api/auth 
2019-08-10 20:09:40.4365||INFO|Ocelot.RateLimit.Middleware.ClientRateLimitMiddleware|requestId: 0HLOTIDBF585E:00000001, previousRequestId: no previous request id, message: EndpointRateLimiting is not enabled for /api/auth 
2019-08-10 20:09:40.4365||INFO|Ocelot.Authentication.Middleware.AuthenticationMiddleware|requestId: 0HLOTIDBF585E:00000001, previousRequestId: no previous request id, message: No authentication needed for /api/auth 
2019-08-10 20:09:40.4365||INFO|Ocelot.Authorisation.Middleware.AuthorisationMiddleware|requestId: 0HLOTIDBF585E:00000001, previousRequestId: no previous request id, message: /api/auth route does not require user to be authorised 
2019-08-10 20:09:40.4365||DEBUG|Ocelot.DownstreamUrlCreator.Middleware.DownstreamUrlCreatorMiddleware|requestId: 0HLOTIDBF585E:00000001, previousRequestId: no previous request id, message: Downstream url is http://localhost:3004/api/auth 
2019-08-10 20:09:40.4654||DEBUG|Ocelot.Requester.Middleware.HttpRequesterMiddleware|requestId: 0HLOTIDBF585E:00000001, previousRequestId: no previous request id, message: setting http response message 
2019-08-10 20:09:40.4672||DEBUG|Ocelot.Responder.Middleware.ResponderMiddleware|requestId: 0HLOTIDBF585E:00000001, previousRequestId: no previous request id, message: no pipeline errors, setting and returning completed response 
2019-08-10 20:09:40.4672||DEBUG|Ocelot.Errors.Middleware.ExceptionHandlerMiddleware|requestId: 0HLOTIDBF585E:00000001, previousRequestId: no previous request id, message: ocelot pipeline finished 
2019-08-10 20:09:40.4672||INFO|Microsoft.AspNetCore.Hosting.Internal.WebHost|Request finished in 81.8801ms 200 application/json; charset=utf-8 
2019-08-10 20:09:55.4363||INFO|Microsoft.AspNetCore.Hosting.Internal.WebHost|Request starting HTTP/1.1 GET http://localhost:44336/api/user   
2019-08-10 20:09:55.4363||INFO|Microsoft.AspNetCore.Authentication.JwtBearer.JwtBearerHandler|Successfully validated the token. 
2019-08-10 20:09:55.4601||DEBUG|Ocelot.Errors.Middleware.ExceptionHandlerMiddleware|requestId: 0HLOTIDBF585E:00000002, previousRequestId: no previous request id, message: ocelot pipeline started 
2019-08-10 20:09:55.4601||DEBUG|Ocelot.DownstreamRouteFinder.Middleware.DownstreamRouteFinderMiddleware|requestId: 0HLOTIDBF585E:00000002, previousRequestId: no previous request id, message: Upstream url path is /api/user 
2019-08-10 20:09:55.4601||DEBUG|Ocelot.DownstreamRouteFinder.Middleware.DownstreamRouteFinderMiddleware|requestId: 0HLOTIDBF585E:00000002, previousRequestId: no previous request id, message: downstream templates are /api/user 
2019-08-10 20:09:55.4601||INFO|Ocelot.Authentication.Middleware.AuthenticationMiddleware|requestId: 0HLOTIDBF585E:00000002, previousRequestId: no previous request id, message: /api/user is an authenticated route. AuthenticationMiddleware checking if client is authenticated 
2019-08-10 20:09:55.4675||INFO|Ocelot.Authentication.Middleware.AuthenticationMiddleware|requestId: 0HLOTIDBF585E:00000002, previousRequestId: no previous request id, message: Client has been authenticated for /api/user 
2019-08-10 20:09:55.4675||INFO|Ocelot.Authorisation.Middleware.AuthorisationMiddleware|requestId: 0HLOTIDBF585E:00000002, previousRequestId: no previous request id, message: route is authenticated scopes must be checked 
2019-08-10 20:09:55.4675||INFO|Ocelot.Authorisation.Middleware.AuthorisationMiddleware|requestId: 0HLOTIDBF585E:00000002, previousRequestId: no previous request id, message: user scopes is authorised calling next authorisation checks 
2019-08-10 20:09:55.4675||INFO|Ocelot.Authorisation.Middleware.AuthorisationMiddleware|requestId: 0HLOTIDBF585E:00000002, previousRequestId: no previous request id, message: /api/user route does not require user to be authorised 
2019-08-10 20:09:55.4876||DEBUG|Ocelot.DownstreamUrlCreator.Middleware.DownstreamUrlCreatorMiddleware|requestId: 0HLOTIDBF585E:00000002, previousRequestId: no previous request id, message: Downstream url is http://localhost:3001/api/user 
2019-08-10 20:09:55.5351||DEBUG|Ocelot.Requester.Middleware.HttpRequesterMiddleware|requestId: 0HLOTIDBF585E:00000002, previousRequestId: no previous request id, message: setting http response message 
2019-08-10 20:09:55.5351||DEBUG|Ocelot.Responder.Middleware.ResponderMiddleware|requestId: 0HLOTIDBF585E:00000002, previousRequestId: no previous request id, message: no pipeline errors, setting and returning completed response 
2019-08-10 20:09:55.5351||DEBUG|Ocelot.Errors.Middleware.ExceptionHandlerMiddleware|requestId: 0HLOTIDBF585E:00000002, previousRequestId: no previous request id, message: ocelot pipeline finished 
2019-08-10 20:09:55.5351||INFO|Microsoft.AspNetCore.Hosting.Internal.WebHost|Request finished in 106.2177ms 200 application/json; charset=utf-8 
2019-08-10 20:10:50.2660||INFO|Microsoft.AspNetCore.Hosting.Internal.WebHost|Request starting HTTP/1.1 GET http://localhost:44336/api/user   
2019-08-10 20:10:50.2660||INFO|Microsoft.AspNetCore.Authentication.JwtBearer.JwtBearerHandler|Successfully validated the token. 
2019-08-10 20:10:50.2830||DEBUG|Ocelot.Errors.Middleware.ExceptionHandlerMiddleware|requestId: 0HLOTIDBF585E:00000003, previousRequestId: no previous request id, message: ocelot pipeline started 
2019-08-10 20:10:50.2830||DEBUG|Ocelot.DownstreamRouteFinder.Middleware.DownstreamRouteFinderMiddleware|requestId: 0HLOTIDBF585E:00000003, previousRequestId: no previous request id, message: Upstream url path is /api/user 
2019-08-10 20:10:50.2830||DEBUG|Ocelot.DownstreamRouteFinder.Middleware.DownstreamRouteFinderMiddleware|requestId: 0HLOTIDBF585E:00000003, previousRequestId: no previous request id, message: downstream templates are /api/user 
2019-08-10 20:10:50.2830||INFO|Ocelot.RateLimit.Middleware.ClientRateLimitMiddleware|requestId: 0HLOTIDBF585E:00000003, previousRequestId: no previous request id, message: Request get:/api/user from ClientId client has been blocked, quota 1/100s exceeded by 2. Blocked by rule /api/user, TraceIdentifier 0HLOTIDBF585E:00000003. 
2019-08-10 20:10:50.2830||WARN|Ocelot.Responder.Middleware.ResponderMiddleware|requestId: 0HLOTIDBF585E:00000003, previousRequestId: no previous request id, message: Error Code: QuotaExceededError Message: API calls quota exceeded! maximum admitted 1 per 100s. errors found in ResponderMiddleware. Setting error response for request path:/api/user, request method: GET 
2019-08-10 20:10:50.3046||DEBUG|Ocelot.Errors.Middleware.ExceptionHandlerMiddleware|requestId: 0HLOTIDBF585E:00000003, previousRequestId: no previous request id, message: ocelot pipeline finished 
2019-08-10 20:10:50.3046||INFO|Microsoft.AspNetCore.Hosting.Internal.WebHost|Request finished in 40.5124ms 429  
2019-08-10 20:11:07.5150||INFO|Microsoft.AspNetCore.Hosting.Internal.WebHost|Request starting HTTP/1.1 GET http://localhost:44336/api/auth   
2019-08-10 20:11:07.5150||DEBUG|Ocelot.Errors.Middleware.ExceptionHandlerMiddleware|requestId: 0HLOTIDBF585E:00000004, previousRequestId: no previous request id, message: ocelot pipeline started 
2019-08-10 20:11:07.5150||DEBUG|Ocelot.DownstreamRouteFinder.Middleware.DownstreamRouteFinderMiddleware|requestId: 0HLOTIDBF585E:00000004, previousRequestId: no previous request id, message: Upstream url path is /api/auth 
2019-08-10 20:11:07.5150||DEBUG|Ocelot.DownstreamRouteFinder.Middleware.DownstreamRouteFinderMiddleware|requestId: 0HLOTIDBF585E:00000004, previousRequestId: no previous request id, message: downstream templates are /api/auth 
2019-08-10 20:11:07.5150||INFO|Ocelot.RateLimit.Middleware.ClientRateLimitMiddleware|requestId: 0HLOTIDBF585E:00000004, previousRequestId: no previous request id, message: EndpointRateLimiting is not enabled for /api/auth 
2019-08-10 20:11:07.5150||INFO|Ocelot.Authentication.Middleware.AuthenticationMiddleware|requestId: 0HLOTIDBF585E:00000004, previousRequestId: no previous request id, message: No authentication needed for /api/auth 
2019-08-10 20:11:07.5297||INFO|Ocelot.Authorisation.Middleware.AuthorisationMiddleware|requestId: 0HLOTIDBF585E:00000004, previousRequestId: no previous request id, message: /api/auth route does not require user to be authorised 
2019-08-10 20:11:07.5297||DEBUG|Ocelot.DownstreamUrlCreator.Middleware.DownstreamUrlCreatorMiddleware|requestId: 0HLOTIDBF585E:00000004, previousRequestId: no previous request id, message: Downstream url is http://localhost:3004/api/auth 
2019-08-10 20:11:07.5469||DEBUG|Ocelot.Requester.Middleware.HttpRequesterMiddleware|requestId: 0HLOTIDBF585E:00000004, previousRequestId: no previous request id, message: setting http response message 
2019-08-10 20:11:07.5469||DEBUG|Ocelot.Responder.Middleware.ResponderMiddleware|requestId: 0HLOTIDBF585E:00000004, previousRequestId: no previous request id, message: no pipeline errors, setting and returning completed response 
2019-08-10 20:11:07.5469||DEBUG|Ocelot.Errors.Middleware.ExceptionHandlerMiddleware|requestId: 0HLOTIDBF585E:00000004, previousRequestId: no previous request id, message: ocelot pipeline finished 
2019-08-10 20:11:07.5469||INFO|Microsoft.AspNetCore.Hosting.Internal.WebHost|Request finished in 37.804ms 200 application/json; charset=utf-8 
